call	30	0	query(n0,n3);
unify	30	12	query(n0,n3);
call	31	0	source(n0);
unify	31	8	source(n0);
exit	31	8	source(n0);
call	31	0	destination(n3);
unify	31	9	destination(n3);
exit	31	9	destination(n3);
call	31	0	connected(n0,n3);
unify	31	10	connected(n0,n3);
call	32	0	edge(n0,n3);
fail	32	0	edge(n0,n3);
redo	31	11	connected(n0,n3);
unify	31	11	connected(n0,n3);
call	32	0	edge(n0,_13236);
unify	32	7	edge(n0,n1);
exit	32	7	edge(n0,n1);
call	32	0	connected(n1,n3);
unify	32	10	connected(n1,n3);
call	33	0	edge(n1,n3);
unify	33	5	edge(n1,n3);
exit	33	5	edge(n1,n3);
exit	32	10	connected(n1,n3);
exit	31	11	connected(n0,n3);
exit	30	12	query(n0,n3);
